#
# A fatal error has been detected by the Java Runtime Environment:
#
#  EXCEPTION_ACCESS_VIOLATION (0xc0000005) at pc=0x1000d297, pid=4940, tid=996
#
# JRE version: 7.0_02-b13
# Java VM: Java HotSpot(TM) Client VM (22.0-b10 mixed mode, sharing windows-x86 )
# Problematic frame:
# C  [jna8544977708938861743.dll+0xd297]
#
# Failed to write core dump. Minidumps are not enabled by default on client versions of Windows
#
# If you would like to submit a bug report, please visit:
#   http://bugreport.sun.com/bugreport/crash.jsp
# The crash happened outside the Java Virtual Machine in native code.
# See problematic frame for where to report the bug.
#

---------------  T H R E A D  ---------------

Current thread (0x00a39400):  JavaThread "main" [_thread_in_native, id=996, stack(0x00a90000,0x00ae0000)]

siginfo: ExceptionCode=0xc0000005, writing address 0x00000000

Registers:
EAX=0x00000000, EBX=0x00000000, ECX=0x00ade454, EDX=0x77136194
ESP=0x00addd20, EBP=0x00addd58, ESI=0x00000000, EDI=0x00adde30
EIP=0x1000d297, EFLAGS=0x00010297

Top of Stack: (sp=0x00addd20)
0x00addd20:   1000cc70 00addd40 00000014 00000001
0x00addd30:   00ade454 768d4204 00000004 01934444
0x00addd40:   00ade3f0 00ade454 00addd80 00adddb0
0x00addd50:   00adddb0 00000005 00ade438 10002dde
0x00addd60:   00ade3f0 768d4204 00ade454 00addd80
0x00addd70:   00adddb0 238bfae8 00addd78 373d203c
0x00addd80:   00adde30 00adde38 00adde40 00adde48
0x00addd90:   00adde50 00addda0 00adddb4 01980357 

Instructions: (pc=0x1000d297)
0x1000d277:   8b 4d 14 83 7d 18 00 75 10 83 f9 02 0f 85 b0 00
0x1000d287:   00 00 dd d8 e9 a9 00 00 00 e8 48 00 00 00 39 d3
0x1000d297:   00 10 fd d2 00 10 04 d3 00 10 0b d3 00 10 12 d3
0x1000d2a7:   00 10 f3 d2 00 10 e9 d2 00 10 f8 d2 00 10 ee d2 


Register to memory mapping:

EAX=0x00000000 is an unknown value
EBX=0x00000000 is an unknown value
ECX=0x00ade454 is pointing into the stack for thread: 0x00a39400
EDX=0x77136194 is an unknown value
ESP=0x00addd20 is pointing into the stack for thread: 0x00a39400
EBP=0x00addd58 is pointing into the stack for thread: 0x00a39400
ESI=0x00000000 is an unknown value
EDI=0x00adde30 is pointing into the stack for thread: 0x00a39400


Stack: [0x00a90000,0x00ae0000],  sp=0x00addd20,  free space=311k
Native frames: (J=compiled Java code, j=interpreted, Vv=VM code, C=native code)
C  [jna8544977708938861743.dll+0xd297]  Java_com_sun_jna_Native_initialize_1ffi_1type+0x3947
C  [jna8544977708938861743.dll+0x2dde]
C  [jna8544977708938861743.dll+0x532e]  Java_com_sun_jna_Native_invokeInt+0x2e
j  com.sun.jna.Native.invokeInt(JI[Ljava/lang/Object;)I+0
j  com.sun.jna.Function.invoke([Ljava/lang/Object;Ljava/lang/Class;Z)Ljava/lang/Object;+333
j  com.sun.jna.Function.invoke(Ljava/lang/Class;[Ljava/lang/Object;Ljava/util/Map;)Ljava/lang/Object;+214
j  com.sun.jna.Library$Handler.invoke(Ljava/lang/Object;Ljava/lang/reflect/Method;[Ljava/lang/Object;)Ljava/lang/Object;+341
j  $Proxy0.ToUnicodeEx(II[B[CI)I+43
j  machineguardianmonitorprotect.core.KeyboardHook$1.callback(ILcom/sun/jna/platform/win32/WinDef$WPARAM;Lcom/sun/jna/platform/win32/WinUser$KBDLLHOOKSTRUCT;)Lcom/sun/jna/platform/win32/WinDef$LRESULT;+99
v  ~StubRoutines::call_stub
V  [jvm.dll+0x123c0a]
V  [jvm.dll+0x1c9e8e]
V  [jvm.dll+0x123c8d]
V  [jvm.dll+0x12ea9e]
V  [jvm.dll+0x12ed9e]
V  [jvm.dll+0xcf2e9]
C  [java.dll+0x7db5]  Java_sun_reflect_NativeMethodAccessorImpl_invoke0+0x15
j  sun.reflect.NativeMethodAccessorImpl.invoke(Ljava/lang/Object;[Ljava/lang/Object;)Ljava/lang/Object;+87
j  sun.reflect.DelegatingMethodAccessorImpl.invoke(Ljava/lang/Object;[Ljava/lang/Object;)Ljava/lang/Object;+6
j  java.lang.reflect.Method.invoke(Ljava/lang/Object;[Ljava/lang/Object;)Ljava/lang/Object;+57
j  com.sun.jna.CallbackReference$DefaultCallbackProxy.invokeCallback([Ljava/lang/Object;)Ljava/lang/Object;+127
j  com.sun.jna.CallbackReference$DefaultCallbackProxy.callback([Ljava/lang/Object;)Ljava/lang/Object;+2
v  ~StubRoutines::call_stub
V  [jvm.dll+0x123c0a]
V  [jvm.dll+0x1c9e8e]
V  [jvm.dll+0x123c8d]
V  [jvm.dll+0xa956a]
V  [jvm.dll+0xab18f]
C  [jna8544977708938861743.dll+0xa3b2]  Java_com_sun_jna_Native_initialize_1ffi_1type+0xa62
C  [jna8544977708938861743.dll+0xaa9b]  Java_com_sun_jna_Native_initialize_1ffi_1type+0x114b
C  [jna8544977708938861743.dll+0xcf44]  Java_com_sun_jna_Native_initialize_1ffi_1type+0x35f4
C  [jna8544977708938861743.dll+0xd4ee]  Java_com_sun_jna_Native_initialize_1ffi_1type+0x3b9e
C  0x00540012
C  [USER32.dll+0x4f50c]  DdeConnectList+0x673
C  [ntdll.dll+0x460ce]  KiUserCallbackDispatcher+0x2e
C  [jna8544977708938861743.dll+0xd277]  Java_com_sun_jna_Native_initialize_1ffi_1type+0x3927
C  [jna8544977708938861743.dll+0xce92]  Java_com_sun_jna_Native_initialize_1ffi_1type+0x3542
C  [jna8544977708938861743.dll+0x2dde]
C  [jna8544977708938861743.dll+0x532e]  Java_com_sun_jna_Native_invokeInt+0x2e
j  com.sun.jna.Native.invokeInt(JI[Ljava/lang/Object;)I+0
j  com.sun.jna.Function.invoke([Ljava/lang/Object;Ljava/lang/Class;Z)Ljava/lang/Object;+333
j  com.sun.jna.Function.invoke(Ljava/lang/Class;[Ljava/lang/Object;Ljava/util/Map;)Ljava/lang/Object;+214
j  com.sun.jna.Library$Handler.invoke(Ljava/lang/Object;Ljava/lang/reflect/Method;[Ljava/lang/Object;)Ljava/lang/Object;+341
j  $Proxy3.GetMessage(Lcom/sun/jna/platform/win32/WinUser$MSG;Lcom/sun/jna/platform/win32/WinDef$HWND;II)I+35
j  machineguardianmonitorprotect.core.KeyboardHook.capturarTeclasDigitadas()V+71
j  machineguardianmonitorprotect.MachineGuardianMonitorProtect.main([Ljava/lang/String;)V+17
v  ~StubRoutines::call_stub
V  [jvm.dll+0x123c0a]
V  [jvm.dll+0x1c9e8e]
V  [jvm.dll+0x123c8d]
V  [jvm.dll+0xa92d4]
V  [jvm.dll+0xb3657]
C  [java.exe+0x1fd3]
C  [java.exe+0xa0ab]
C  [java.exe+0xa135]
C  [kernel32.dll+0x51114]  BaseThreadInitThunk+0x12
C  [ntdll.dll+0x5b299]  RtlInitializeExceptionChain+0x63
C  [ntdll.dll+0x5b26c]  RtlInitializeExceptionChain+0x36

Java frames: (J=compiled Java code, j=interpreted, Vv=VM code)
j  com.sun.jna.Native.invokeInt(JI[Ljava/lang/Object;)I+0
j  com.sun.jna.Function.invoke([Ljava/lang/Object;Ljava/lang/Class;Z)Ljava/lang/Object;+333
j  com.sun.jna.Function.invoke(Ljava/lang/Class;[Ljava/lang/Object;Ljava/util/Map;)Ljava/lang/Object;+214
j  com.sun.jna.Library$Handler.invoke(Ljava/lang/Object;Ljava/lang/reflect/Method;[Ljava/lang/Object;)Ljava/lang/Object;+341
j  $Proxy0.ToUnicodeEx(II[B[CI)I+43
j  machineguardianmonitorprotect.core.KeyboardHook$1.callback(ILcom/sun/jna/platform/win32/WinDef$WPARAM;Lcom/sun/jna/platform/win32/WinUser$KBDLLHOOKSTRUCT;)Lcom/sun/jna/platform/win32/WinDef$LRESULT;+99
v  ~StubRoutines::call_stub
j  sun.reflect.NativeMethodAccessorImpl.invoke0(Ljava/lang/reflect/Method;Ljava/lang/Object;[Ljava/lang/Object;)Ljava/lang/Object;+0
j  sun.reflect.NativeMethodAccessorImpl.invoke(Ljava/lang/Object;[Ljava/lang/Object;)Ljava/lang/Object;+87
j  sun.reflect.DelegatingMethodAccessorImpl.invoke(Ljava/lang/Object;[Ljava/lang/Object;)Ljava/lang/Object;+6
j  java.lang.reflect.Method.invoke(Ljava/lang/Object;[Ljava/lang/Object;)Ljava/lang/Object;+57
j  com.sun.jna.CallbackReference$DefaultCallbackProxy.invokeCallback([Ljava/lang/Object;)Ljava/lang/Object;+127
j  com.sun.jna.CallbackReference$DefaultCallbackProxy.callback([Ljava/lang/Object;)Ljava/lang/Object;+2
v  ~StubRoutines::call_stub
j  com.sun.jna.Native.invokeInt(JI[Ljava/lang/Object;)I+0
j  com.sun.jna.Function.invoke([Ljava/lang/Object;Ljava/lang/Class;Z)Ljava/lang/Object;+333
j  com.sun.jna.Function.invoke(Ljava/lang/Class;[Ljava/lang/Object;Ljava/util/Map;)Ljava/lang/Object;+214
j  com.sun.jna.Library$Handler.invoke(Ljava/lang/Object;Ljava/lang/reflect/Method;[Ljava/lang/Object;)Ljava/lang/Object;+341
j  $Proxy3.GetMessage(Lcom/sun/jna/platform/win32/WinUser$MSG;Lcom/sun/jna/platform/win32/WinDef$HWND;II)I+35
j  machineguardianmonitorprotect.core.KeyboardHook.capturarTeclasDigitadas()V+71
j  machineguardianmonitorprotect.MachineGuardianMonitorProtect.main([Ljava/lang/String;)V+17
v  ~StubRoutines::call_stub

---------------  P R O C E S S  ---------------

Java Threads: ( => current thread )
  0x04036c00 JavaThread "Thread-0" [_thread_blocked, id=1504, stack(0x04510000,0x04560000)]
  0x01947c00 JavaThread "Service Thread" daemon [_thread_blocked, id=3544, stack(0x03d90000,0x03de0000)]
  0x0193a400 JavaThread "C1 CompilerThread0" daemon [_thread_blocked, id=1940, stack(0x03cd0000,0x03d20000)]
  0x01939000 JavaThread "Attach Listener" daemon [_thread_blocked, id=1076, stack(0x03a20000,0x03a70000)]
  0x01935c00 JavaThread "Signal Dispatcher" daemon [_thread_blocked, id=6008, stack(0x03ba0000,0x03bf0000)]
  0x01925800 JavaThread "Finalizer" daemon [_thread_blocked, id=1876, stack(0x03c60000,0x03cb0000)]
  0x01920c00 JavaThread "Reference Handler" daemon [_thread_blocked, id=6024, stack(0x03b00000,0x03b50000)]
=>0x00a39400 JavaThread "main" [_thread_in_native, id=996, stack(0x00a90000,0x00ae0000)]

Other Threads:
  0x0191e800 VMThread [stack: 0x03a80000,0x03ad0000] [id=2732]
  0x0195d400 WatcherThread [stack: 0x03ed0000,0x03f20000] [id=1184]

VM state:not at safepoint (normal execution)

VM Mutex/Monitor currently owned by a thread: None

Heap
 def new generation   total 4928K, used 2441K [0x233d0000, 0x23920000, 0x28920000)
  eden space 4416K,  43% used [0x233d0000, 0x235b26d8, 0x23820000)
  from space 512K, 100% used [0x238a0000, 0x23920000, 0x23920000)
  to   space 512K,   0% used [0x23820000, 0x23820000, 0x238a0000)
 tenured generation   total 10944K, used 250K [0x28920000, 0x293d0000, 0x333d0000)
   the space 10944K,   2% used [0x28920000, 0x2895eb28, 0x2895ec00, 0x293d0000)
 compacting perm gen  total 12288K, used 1069K [0x333d0000, 0x33fd0000, 0x373d0000)
   the space 12288K,   8% used [0x333d0000, 0x334db558, 0x334db600, 0x33fd0000)
    ro space 10240K,  45% used [0x373d0000, 0x37852710, 0x37852800, 0x37dd0000)
    rw space 12288K,  54% used [0x37dd0000, 0x38456488, 0x38456600, 0x389d0000)

Code Cache  [0x01980000, 0x01a48000, 0x03980000)
 total_blobs=285 nmethods=124 adapters=97 free_code_cache=31979Kb largest_free_block=32746560

Dynamic libraries:
0x00c50000 - 0x00c7e000 	C:\Program Files\Java\jdk1.7.0_02\jre\bin\java.exe
0x770f0000 - 0x7722c000 	C:\Windows\SYSTEM32\ntdll.dll
0x767d0000 - 0x768a4000 	C:\Windows\system32\kernel32.dll
0x75390000 - 0x753da000 	C:\Windows\system32\KERNELBASE.dll
0x75720000 - 0x757c0000 	C:\Windows\system32\ADVAPI32.dll
0x77040000 - 0x770ec000 	C:\Windows\system32\msvcrt.dll
0x76570000 - 0x76589000 	C:\Windows\SYSTEM32\sechost.dll
0x76980000 - 0x76a21000 	C:\Windows\system32\RPCRT4.dll
0x768b0000 - 0x76979000 	C:\Windows\system32\USER32.dll
0x76780000 - 0x767ce000 	C:\Windows\system32\GDI32.dll
0x772c0000 - 0x772ca000 	C:\Windows\system32\LPK.dll
0x76be0000 - 0x76c7d000 	C:\Windows\system32\USP10.dll
0x74670000 - 0x7480e000 	C:\Windows\WinSxS\x86_microsoft.windows.common-controls_6595b64144ccf1df_6.0.7600.16661_none_420fe3fa2b8113bd\COMCTL32.dll
0x77260000 - 0x772b7000 	C:\Windows\system32\SHLWAPI.dll
0x77240000 - 0x7725f000 	C:\Windows\system32\IMM32.DLL
0x764a0000 - 0x7656c000 	C:\Windows\system32\MSCTF.dll
0x70ef0000 - 0x70fae000 	C:\Program Files\Java\jdk1.7.0_02\jre\bin\msvcr100.dll
0x706f0000 - 0x70a18000 	C:\Program Files\Java\jdk1.7.0_02\jre\bin\client\jvm.dll
0x6ead0000 - 0x6ead7000 	C:\Windows\system32\WSOCK32.dll
0x76d00000 - 0x76d35000 	C:\Windows\system32\WS2_32.dll
0x75710000 - 0x75716000 	C:\Windows\system32\NSI.dll
0x73780000 - 0x737b2000 	C:\Windows\system32\WINMM.dll
0x77230000 - 0x77235000 	C:\Windows\system32\PSAPI.DLL
0x73370000 - 0x7337c000 	C:\Program Files\Java\jdk1.7.0_02\jre\bin\verify.dll
0x73340000 - 0x73360000 	C:\Program Files\Java\jdk1.7.0_02\jre\bin\java.dll
0x732a0000 - 0x732b3000 	C:\Program Files\Java\jdk1.7.0_02\jre\bin\zip.dll
0x70d60000 - 0x70ea2000 	C:\Program Files\Java\jdk1.7.0_02\jre\bin\awt.dll
0x76b50000 - 0x76bdf000 	C:\Windows\system32\OLEAUT32.dll
0x76d40000 - 0x76e9c000 	C:\Windows\system32\ole32.dll
0x74d00000 - 0x74d16000 	C:\Windows\system32\CRYPTSP.dll
0x74aa0000 - 0x74adb000 	C:\Windows\system32\rsaenh.dll
0x748a0000 - 0x748b7000 	C:\Windows\system32\USERENV.dll
0x75280000 - 0x7528b000 	C:\Windows\system32\profapi.dll
0x75200000 - 0x7520c000 	C:\Windows\system32\CRYPTBASE.dll
0x73280000 - 0x73294000 	C:\Program Files\Java\jdk1.7.0_02\jre\bin\net.dll
0x74cc0000 - 0x74cfc000 	C:\Windows\system32\mswsock.dll
0x74cb0000 - 0x74cb6000 	C:\Windows\System32\wship6.dll
0x73670000 - 0x73680000 	C:\Windows\system32\NLAapi.dll
0x74b80000 - 0x74bc4000 	C:\Windows\system32\DNSAPI.dll
0x6e690000 - 0x6e698000 	C:\Windows\System32\winrnr.dll
0x6e680000 - 0x6e690000 	C:\Windows\system32\napinsp.dll
0x6e660000 - 0x6e672000 	C:\Windows\system32\pnrpnsp.dll
0x6e650000 - 0x6e65d000 	C:\Windows\system32\wshbth.dll
0x6e620000 - 0x6e647000 	C:\Program Files\Common Files\Microsoft Shared\Windows Live\WLIDNSP.DLL
0x74600000 - 0x74605000 	C:\Windows\System32\wshtcpip.dll
0x730d0000 - 0x730ec000 	C:\Windows\system32\IPHLPAPI.DLL
0x730b0000 - 0x730b7000 	C:\Windows\system32\WINNSI.DLL
0x6e4e0000 - 0x6e4e6000 	C:\Windows\system32\rasadhlp.dll
0x72f80000 - 0x72fb8000 	C:\Windows\System32\fwpuclnt.dll
0x73310000 - 0x7331f000 	C:\Program Files\Java\jdk1.7.0_02\jre\bin\nio.dll
0x10000000 - 0x10072000 	C:\Users\Marina\AppData\Local\Temp\jna\jna8544977708938861743.dll

VM Arguments:
jvm_args: -Dfile.encoding=UTF-8 
java_command: machineguardianmonitorprotect.MachineGuardianMonitorProtect
Launcher Type: SUN_STANDARD

Environment Variables:
PATH=C:\Program Files\Common Files\Microsoft Shared\Windows Live;C:\Windows\system32;C:\Windows;C:\Windows\System32\Wbem;C:\Windows\System32\WindowsPowerShell\v1.0\;;C:\php-5.3.8\;"C:\Program Files\Android\android-sdk\tools";"C:\Program Files\Android\android-sdk\platform-tools";"C:\Program Files\Java\jdk1.7.0_02\bin";"C:\Program Files\MySQL\MySQL Server 5.5\bin";C:\Program Files\Windows Live\Shared
USERNAME=Marina
OS=Windows_NT
PROCESSOR_IDENTIFIER=x86 Family 6 Model 15 Stepping 13, GenuineIntel



---------------  S Y S T E M  ---------------

OS: Windows 7 Build 7600 

CPU:total 2 (2 cores per cpu, 1 threads per core) family 6 model 15 stepping 13, cmov, cx8, fxsr, mmx, sse, sse2, sse3, ssse3

Memory: 4k page, physical 3135532k(1527724k free), swap 6269300k(3990300k free)

vm_info: Java HotSpot(TM) Client VM (22.0-b10) for windows-x86 JRE (1.7.0_02-b13), built on Nov 17 2011 17:17:32 by "java_re" with unknown MS VC++:1600

time: Mon May 07 22:07:00 2012
elapsed time: 2 seconds

